<?xml version="1.0" encoding="UTF-8"?>
<testng-results ignored="0" total="2" passed="2" failed="0" skipped="0">
  <reporter-output>
  </reporter-output>
  <suite started-at="2022-10-04T18:38:33 IST" name="Suite" finished-at="2022-10-04T18:39:11 IST" duration-ms="38018">
    <groups>
    </groups>
    <test started-at="2022-10-04T18:38:33 IST" name="Test" finished-at="2022-10-04T18:39:11 IST" duration-ms="38018">
      <class name="scripts.testcase1">
        <test-method is-config="true" signature="openapp()[pri:0, instance:scripts.testcase1@2b48a640]" started-at="2022-10-04T18:38:33 IST" name="openapp" finished-at="2022-10-04T18:38:39 IST" duration-ms="5437" status="PASS">
          <reporter-output>
          </reporter-output>
        </test-method> <!-- openapp -->
        <test-method signature="tc1()[pri:0, instance:scripts.testcase1@2b48a640]" started-at="2022-10-04T18:38:39 IST" name="tc1" finished-at="2022-10-04T18:38:46 IST" duration-ms="7454" status="PASS">
          <reporter-output>
          </reporter-output>
        </test-method> <!-- tc1 -->
        <test-method is-config="true" signature="clossapp(org.testng.ITestResult)[pri:0, instance:scripts.testcase1@2b48a640]" started-at="2022-10-04T18:38:46 IST" name="clossapp" finished-at="2022-10-04T18:38:47 IST" duration-ms="548" status="PASS">
          <params>
            <param index="0">
              <value>
                <![CDATA[[TestResult name=tc1 status=SUCCESS method=testcase1.tc1()[pri:0, instance:scripts.testcase1@2b48a640] output={null}]]]>
              </value>
            </param>
          </params>
          <reporter-output>
          </reporter-output>
        </test-method> <!-- clossapp -->
      </class> <!-- scripts.testcase1 -->
      <class name="scripts.testcase3">
        <test-method is-config="true" signature="openapp()[pri:0, instance:scripts.testcase3@1af2d44a]" started-at="2022-10-04T18:38:47 IST" name="openapp" finished-at="2022-10-04T18:38:50 IST" duration-ms="3363" status="PASS">
          <reporter-output>
          </reporter-output>
        </test-method> <!-- openapp -->
        <test-method signature="tc3()[pri:0, instance:scripts.testcase3@1af2d44a]" started-at="2022-10-04T18:38:50 IST" name="tc3" finished-at="2022-10-04T18:39:11 IST" duration-ms="20630" status="PASS">
          <reporter-output>
          </reporter-output>
        </test-method> <!-- tc3 -->
        <test-method is-config="true" signature="clossapp(org.testng.ITestResult)[pri:0, instance:scripts.testcase3@1af2d44a]" started-at="2022-10-04T18:39:11 IST" name="clossapp" finished-at="2022-10-04T18:39:11 IST" duration-ms="501" status="PASS">
          <params>
            <param index="0">
              <value>
                <![CDATA[[TestResult name=tc3 status=SUCCESS method=testcase3.tc3()[pri:0, instance:scripts.testcase3@1af2d44a] output={null}]]]>
              </value>
            </param>
          </params>
          <reporter-output>
          </reporter-output>
        </test-method> <!-- clossapp -->
      </class> <!-- scripts.testcase3 -->
    </test> <!-- Test -->
  </suite> <!-- Suite -->
</testng-results>
